<?xml version="1.0" encoding="UTF-8"?>
<!-- Generated by org.testng.reporters.JUnitXMLReporter -->
<testsuite ignored="0" hostname="DESKTOP-KHMA275" failures="0" tests="2" name="Test" time="1.423" errors="0" timestamp="15 Aug 2021 19:07:04 GMT">
  <testcase classname="tests.FlightSearchTest" name="@BeforeClass init" time="0.0">
    <failure type="org.testng.TestNGException" message="
Parameter &amp;apos;grid&amp;apos; is required by BeforeClass on method init but has not been marked @Optional or defined
in E:\eclipse workspace\SeleniumMavenFramework\testng.xml">
      <![CDATA[org.testng.TestNGException: 
Parameter 'grid' is required by BeforeClass on method init but has not been marked @Optional or defined
in E:\eclipse workspace\SeleniumMavenFramework\testng.xml
... Removed 23 stack frames]]>
    </failure>
  </testcase> <!-- @BeforeClass init -->
  <testcase classname="tests.FlightSearchTest" name="@AfterClass tearDown" time="0.0">
    <skipped/>
  </testcase> <!-- @AfterClass tearDown -->
  <testcase classname="tests.HotelSearchTest" name="@BeforeClass init" time="0.0">
    <failure type="org.testng.TestNGException" message="
Parameter &amp;apos;grid&amp;apos; is required by BeforeClass on method init but has not been marked @Optional or defined
in E:\eclipse workspace\SeleniumMavenFramework\testng.xml">
      <![CDATA[org.testng.TestNGException: 
Parameter 'grid' is required by BeforeClass on method init but has not been marked @Optional or defined
in E:\eclipse workspace\SeleniumMavenFramework\testng.xml
... Removed 23 stack frames]]>
    </failure>
  </testcase> <!-- @BeforeClass init -->
  <testcase classname="tests.HotelSearchTest" name="@AfterClass tearDown" time="0.0">
    <skipped/>
  </testcase> <!-- @AfterClass tearDown -->
  <testcase classname="tests.FlightSearchTest" name="searchFlight" time="0.0">
    <skipped/>
  </testcase> <!-- searchFlight -->
  <testcase classname="tests.HotelSearchTest" name="searchHotel" time="0.0">
    <skipped/>
  </testcase> <!-- searchHotel -->
</testsuite> <!-- Test -->
